;Course and Semester : 18649 Fall 2013
;Group 16 : Jiangtian Nie(jnie), Sally Stevenson(ststeven)
;	    Yue Chen(yuechen), Sri Harsha Koppaka(skoppaka)


Simulator Parameters:
Command line = -pf proj10acceptance3.pass -fs 5.0 -b 200 -monitor Proj11RuntimeMonitor -head header.txt
RandomSeed = 1385068537914
CanNetworkBitTime = 5000 ns
Effective Can Bitrate = 199999.99999999997
Run Time = null
Real time rate = null
Acceptance Test File = proj10acceptance3.pass
Monitors: Proj11RuntimeMonitor  


[Elevator] @0.000000000: Starting Simulation
[Elevator] @60.000000000: Progress indicator
[Elevator] @120.000000000: Progress indicator
[Elevator] @180.000000000: Progress indicator
[RuntimeMonitor] @222.740000000: Overweight
[Elevator] @240.000000000: Progress indicator
[Elevator] @300.000000000: Progress indicator
[RuntimeMonitor] @338.140000000: Overweight
[RuntimeMonitor] @353.740000000: Overweight
[Elevator] @360.000000000: Progress indicator
[RuntimeMonitor] @370.140000000: Overweight
[Elevator] @420.000000000: Progress indicator
[RuntimeMonitor] @468.540000000: Overweight
[Elevator] @480.000000000: Progress indicator
[Elevator] @540.000000000: Progress indicator
[Elevator] @600.000000000: Progress indicator
[Elevator] @623.399000000: Simulation Finished

Network Utilization Summary:
Recent: 73.33 % Max: 73.33 %  Overall:  73.33 %

Monitors Warning Results: 
RuntimeMonitor generated 0 warnings.

Monitors Summmary Results: 
Overweight Count = 5
R-T6:Wasted Stops Count = 0
R-T7:Wasted Openings Count = 0
Wasted Time Dealing with Reversal = 50.97s
Both Lanterns Lit Up Count = 0
R-T8.1:Omitted Pending Calls Count = 0
R-T8.2:Lantern Flicker Count = 0
R-T8.3:Conflict Direction Count = 0
R-T9:Inappropriate Not Fast Speed Count = 0
R-T10:Number of times Nudged before Reversing atleast once = 0

STATISTICS FOR ELEVATOR SIMULATION PASSENGER DELIVERY
-----------------------------------------------------


Passenger Delivery Summary
Delivered: 61
Stranded: 0
Total: 61

Deliver Stats (lower is better):
Average_delivery_time: 180.932
Maximum_delivery_time:  431.705
Delivery_performance_score:  1155.431

Satisfaction Stats (higher is better):
Average_satisfaction_score: 99.672
Min_satisfaction_score:  80.000
Satisfaction_performance_score:  478.689



623.399s simulation seconds
 9.252 real seconds
 effective rate 67.38
